[35m[Appium][39m Welcome to Appium v1.18.2
[35m[Appium][39m Non-default server args:
[35m[Appium][39m   port: 15699
[35m[Appium][39m   loglevel: info
[35m[Appium][39m   tmpDir: C:\Users\SVCQA_~1\AppData\Local\Temp\2\\Katalon\Appium\Temp1602680236857
[35m[Appium][39m   chromedriverPort: 15701
[35m[Appium][39m Deprecated server args:
[35m[Appium][39m   [31m--chromedriver-port[39m => --default-capabilities '{"chromedriverPort":15701}'
[35m[Appium][39m Default capabilities, which will be added to each request unless overridden by desired capabilities:
[35m[Appium][39m   chromedriverPort: 15701
[35m[Appium][39m Appium REST http interface listener started on 0.0.0.0:15699
[35m[HTTP][39m [37m-->[39m [37mGET[39m [37m/wd/hub/status[39m
[35m[HTTP][39m [90m{}[39m
[35m[HTTP][39m [37m<-- GET /wd/hub/status [39m[32m200[39m [90m8 ms - 68[39m
[35m[HTTP][39m [90m[39m
[35m[HTTP][39m [37m-->[39m [37mGET[39m [37m/wd/hub/status[39m
[35m[HTTP][39m [90m{}[39m
[35m[HTTP][39m [37m<-- GET /wd/hub/status [39m[32m200[39m [90m1 ms - 68[39m
[35m[HTTP][39m [90m[39m
[35m[HTTP][39m [37m-->[39m [37mPOST[39m [37m/wd/hub/session[39m
[35m[HTTP][39m [90m{"desiredCapabilities":{"app":"C:\\Users\\SVCQA_AUTOMATION\\Downloads\\app-release.apk","noReset":true,"newCommandTimeout":1800,"platformVersion":"4.1.2","autoGrantPermissions":true,"platformName":"Android","udid":"emulator-5554","deviceName":"emulator-5554 (sdk - Android 4.1.2)","fullReset":false,"platform":"ANDROID","systemPort":15710},"capabilities":{"firstMatch":[{"appium:app":"C:\\Users\\SVCQA_AUTOMATION\\Downloads\\app-release.apk","appium:autoGrantPermissions":true,"appium:deviceName":"emulator-5554 (sdk - Android 4.1.2)","appium:fullReset":false,"appium:newCommandTimeout":1800,"appium:noReset":true,"platform":"ANDROID","platformName":"android","appium:platformVersion":"4.1.2","appium:systemPort":15710,"appium:udid":"emulator-5554"}]}}[39m
[35m[BaseDriver][39m The following capabilities are not standard capabilities and should have an extension prefix:
[35m[BaseDriver][39m   platform
[35m[BaseDriver][39m   chromedriverPort
[35m[Appium][39m 
[35m[Appium][39m ======================================================================
[35m[Appium][39m   DEPRECATION WARNING:
[35m[Appium][39m 
[35m[Appium][39m   The 'automationName' capability was not provided in the desired 
[35m[Appium][39m   capabilities for this Android session
[35m[Appium][39m 
[35m[Appium][39m   Setting 'automationName=UiAutomator2' by default and using the 
[35m[Appium][39m   UiAutomator2 Driver
[35m[Appium][39m 
[35m[Appium][39m   The next major version of Appium (2.x) will **require** the 
[35m[Appium][39m   'automationName' capability to be set for all sessions on all 
[35m[Appium][39m   platforms
[35m[Appium][39m 
[35m[Appium][39m   In previous versions (Appium <= 1.13.x), the default was 
[35m[Appium][39m   'automationName=UiAutomator1'
[35m[Appium][39m 
[35m[Appium][39m   If you wish to use that automation instead of UiAutomator2, please 
[35m[Appium][39m   add 'automationName=UiAutomator1' to your desired capabilities
[35m[Appium][39m 
[35m[Appium][39m   For more information about drivers, please visit 
[35m[Appium][39m   http://appium.io/docs/en/about-appium/intro/ and explore the 
[35m[Appium][39m   'Drivers' menu
[35m[Appium][39m 
[35m[Appium][39m ======================================================================
[35m[Appium][39m 
[35m[Appium][39m Appium v1.18.2 creating new AndroidUiautomator2Driver (v1.56.1) session
[35m[BaseDriver][39m The following capabilities were provided, but are not recognized by Appium:
[35m[BaseDriver][39m   platform
[35m[BaseDriver][39m Session created with session id: db5c207f-bdc3-48d8-a3b5-1992917b3dae
[35m[BaseDriver][39m Using local app 'C:\Users\SVCQA_AUTOMATION\Downloads\app-release.apk'
[35m[ADB][39m Found 1 'build-tools' folders under 'C:\Users\SVCQA_AUTOMATION\.katalon\tools\android_sdk' (newest first):
[35m[ADB][39m     C:/Users/SVCQA_AUTOMATION/.katalon/tools/android_sdk/build-tools/29.0.3
[35m[ADB][39m Using 'adb.exe' from 'C:\Users\SVCQA_AUTOMATION\.katalon\tools\android_sdk\platform-tools\adb.exe'
[35m[AndroidDriver][39m Retrieving device list
[35m[AndroidDriver][39m Using device: emulator-5554
[35m[ADB][39m Using 'adb.exe' from 'C:\Users\SVCQA_AUTOMATION\.katalon\tools\android_sdk\platform-tools\adb.exe'
[35m[UiAutomator2][39m Unable to remove system port forward: Error executing adbExec. Original error: 'Command 'C:\\Users\\SVCQA_AUTOMATION\\.katalon\\tools\\android_sdk\\platform-tools\\adb.exe -P 5037 -s emulator-5554 forward --remove tcp\:15710' exited with code 1'; Stderr: 'adb.exe: error: listener 'tcp:15710' not found'; Code: '1'
[35m[HTTP][39m [37m<-- POST /wd/hub/session [39m[31m500[39m [90m3476 ms - 883[39m
[35m[HTTP][39m [90m[39m
